-------------------------------------------------------------------------------
Test set: com.example.locadora.VulnerabilityTests$StackTraceExposureTests
-------------------------------------------------------------------------------
Tests run: 3, Failures: 3, Errors: 0, Skipped: 0, Time elapsed: 0.487 s <<< FAILURE! -- in com.example.locadora.VulnerabilityTests$StackTraceExposureTests
com.example.locadora.VulnerabilityTests$StackTraceExposureTests.shouldExposeStackTraceOnValidationErrorInInsecure -- Time elapsed: 0.116 s <<< FAILURE!
java.lang.AssertionError: Status expected:<422> but was:<500>
	at org.springframework.test.util.AssertionErrors.fail(AssertionErrors.java:59)
	at org.springframework.test.util.AssertionErrors.assertEquals(AssertionErrors.java:122)
	at org.springframework.test.web.servlet.result.StatusResultMatchers.lambda$matcher$9(StatusResultMatchers.java:637)
	at org.springframework.test.web.servlet.MockMvc$1.andExpect(MockMvc.java:214)
	at com.example.locadora.VulnerabilityTests$StackTraceExposureTests.shouldExposeStackTraceOnValidationErrorInInsecure(VulnerabilityTests.java:395)
	at java.base/java.lang.reflect.Method.invoke(Method.java:580)
	at java.base/java.util.ArrayList.forEach(ArrayList.java:1596)
	at java.base/java.util.ArrayList.forEach(ArrayList.java:1596)
	at java.base/java.util.ArrayList.forEach(ArrayList.java:1596)

com.example.locadora.VulnerabilityTests$StackTraceExposureTests.shouldExposeClassInformation -- Time elapsed: 0.193 s <<< FAILURE!
java.lang.AssertionError: No value at JSON path "$.stackTrace"
	at org.springframework.test.util.JsonPathExpectationsHelper.evaluateJsonPath(JsonPathExpectationsHelper.java:302)
	at org.springframework.test.util.JsonPathExpectationsHelper.assertExistsAndReturn(JsonPathExpectationsHelper.java:326)
	at org.springframework.test.util.JsonPathExpectationsHelper.exists(JsonPathExpectationsHelper.java:190)
	at org.springframework.test.web.servlet.result.JsonPathResultMatchers.lambda$exists$3(JsonPathResultMatchers.java:123)
	at org.springframework.test.web.servlet.MockMvc$1.andExpect(MockMvc.java:214)
	at com.example.locadora.VulnerabilityTests$StackTraceExposureTests.shouldExposeClassInformation(VulnerabilityTests.java:423)
	at java.base/java.lang.reflect.Method.invoke(Method.java:580)
	at java.base/java.util.ArrayList.forEach(ArrayList.java:1596)
	at java.base/java.util.ArrayList.forEach(ArrayList.java:1596)
	at java.base/java.util.ArrayList.forEach(ArrayList.java:1596)
Caused by: com.jayway.jsonpath.PathNotFoundException: No results for path: $['stackTrace']

com.example.locadora.VulnerabilityTests$StackTraceExposureTests.shouldExposeStackTraceOnDatabaseError -- Time elapsed: 0.114 s <<< FAILURE!
java.lang.AssertionError: No value at JSON path "$.stackTrace"
	at org.springframework.test.util.JsonPathExpectationsHelper.evaluateJsonPath(JsonPathExpectationsHelper.java:302)
	at org.springframework.test.util.JsonPathExpectationsHelper.assertExistsAndReturn(JsonPathExpectationsHelper.java:326)
	at org.springframework.test.util.JsonPathExpectationsHelper.exists(JsonPathExpectationsHelper.java:190)
	at org.springframework.test.web.servlet.result.JsonPathResultMatchers.lambda$exists$3(JsonPathResultMatchers.java:123)
	at org.springframework.test.web.servlet.MockMvc$1.andExpect(MockMvc.java:214)
	at com.example.locadora.VulnerabilityTests$StackTraceExposureTests.shouldExposeStackTraceOnDatabaseError(VulnerabilityTests.java:415)
	at java.base/java.lang.reflect.Method.invoke(Method.java:580)
	at java.base/java.util.ArrayList.forEach(ArrayList.java:1596)
	at java.base/java.util.ArrayList.forEach(ArrayList.java:1596)
	at java.base/java.util.ArrayList.forEach(ArrayList.java:1596)
Caused by: com.jayway.jsonpath.PathNotFoundException: No results for path: $['stackTrace']

