-------------------------------------------------------------------------------
Test set: com.example.locadora.VulnerabilityTests$IdValidationFailureTests
-------------------------------------------------------------------------------
Tests run: 2, Failures: 2, Errors: 0, Skipped: 0, Time elapsed: 9.304 s <<< FAILURE! -- in com.example.locadora.VulnerabilityTests$IdValidationFailureTests
com.example.locadora.VulnerabilityTests$IdValidationFailureTests.shouldCreateNewRecordWhenIdDoesNotExistInInsecure -- Time elapsed: 1.568 s <<< FAILURE!
java.lang.AssertionError: Status expected:<200> but was:<404>
	at org.springframework.test.util.AssertionErrors.fail(AssertionErrors.java:59)
	at org.springframework.test.util.AssertionErrors.assertEquals(AssertionErrors.java:122)
	at org.springframework.test.web.servlet.result.StatusResultMatchers.lambda$matcher$9(StatusResultMatchers.java:637)
	at org.springframework.test.web.servlet.MockMvc$1.andExpect(MockMvc.java:214)
	at com.example.locadora.VulnerabilityTests$IdValidationFailureTests.shouldCreateNewRecordWhenIdDoesNotExistInInsecure(VulnerabilityTests.java:461)
	at java.base/java.lang.reflect.Method.invoke(Method.java:580)
	at java.base/java.util.ArrayList.forEach(ArrayList.java:1596)
	at java.base/java.util.ArrayList.forEach(ArrayList.java:1596)
	at java.base/java.util.ArrayList.forEach(ArrayList.java:1596)

com.example.locadora.VulnerabilityTests$IdValidationFailureTests.shouldAllowIdManipulationCreatingOrphanRecords -- Time elapsed: 0.108 s <<< FAILURE!
java.lang.AssertionError: Status expected:<200> but was:<404>
	at org.springframework.test.util.AssertionErrors.fail(AssertionErrors.java:59)
	at org.springframework.test.util.AssertionErrors.assertEquals(AssertionErrors.java:122)
	at org.springframework.test.web.servlet.result.StatusResultMatchers.lambda$matcher$9(StatusResultMatchers.java:637)
	at org.springframework.test.web.servlet.MockMvc$1.andExpect(MockMvc.java:214)
	at com.example.locadora.VulnerabilityTests$IdValidationFailureTests.shouldAllowIdManipulationCreatingOrphanRecords(VulnerabilityTests.java:494)
	at java.base/java.lang.reflect.Method.invoke(Method.java:580)
	at java.base/java.util.ArrayList.forEach(ArrayList.java:1596)
	at java.base/java.util.ArrayList.forEach(ArrayList.java:1596)
	at java.base/java.util.ArrayList.forEach(ArrayList.java:1596)

