-------------------------------------------------------------------------------
Test set: com.example.locadora.VulnerabilityTests$WeakAccessControlTests
-------------------------------------------------------------------------------
Tests run: 2, Failures: 2, Errors: 0, Skipped: 0, Time elapsed: 0.090 s <<< FAILURE! -- in com.example.locadora.VulnerabilityTests$WeakAccessControlTests
com.example.locadora.VulnerabilityTests$WeakAccessControlTests.shouldAllowAnyUserToDeleteGame -- Time elapsed: 0.025 s <<< FAILURE!
java.lang.AssertionError: Status expected:<204> but was:<400>
	at org.springframework.test.util.AssertionErrors.fail(AssertionErrors.java:59)
	at org.springframework.test.util.AssertionErrors.assertEquals(AssertionErrors.java:122)
	at org.springframework.test.web.servlet.result.StatusResultMatchers.lambda$matcher$9(StatusResultMatchers.java:637)
	at org.springframework.test.web.servlet.MockMvc$1.andExpect(MockMvc.java:214)
	at com.example.locadora.VulnerabilityTests$WeakAccessControlTests.shouldAllowAnyUserToDeleteGame(VulnerabilityTests.java:254)
	at java.base/java.lang.reflect.Method.invoke(Method.java:580)
	at java.base/java.util.ArrayList.forEach(ArrayList.java:1596)
	at java.base/java.util.ArrayList.forEach(ArrayList.java:1596)
	at java.base/java.util.ArrayList.forEach(ArrayList.java:1596)

com.example.locadora.VulnerabilityTests$WeakAccessControlTests.shouldAllowUnauthenticatedUserToDeleteGameInInsecureMode -- Time elapsed: 0.041 s <<< FAILURE!
java.lang.AssertionError: Status expected:<204> but was:<400>
	at org.springframework.test.util.AssertionErrors.fail(AssertionErrors.java:59)
	at org.springframework.test.util.AssertionErrors.assertEquals(AssertionErrors.java:122)
	at org.springframework.test.web.servlet.result.StatusResultMatchers.lambda$matcher$9(StatusResultMatchers.java:637)
	at org.springframework.test.web.servlet.MockMvc$1.andExpect(MockMvc.java:214)
	at com.example.locadora.VulnerabilityTests$WeakAccessControlTests.shouldAllowUnauthenticatedUserToDeleteGameInInsecureMode(VulnerabilityTests.java:280)
	at java.base/java.lang.reflect.Method.invoke(Method.java:580)
	at java.base/java.util.ArrayList.forEach(ArrayList.java:1596)
	at java.base/java.util.ArrayList.forEach(ArrayList.java:1596)
	at java.base/java.util.ArrayList.forEach(ArrayList.java:1596)

