<?xml version="1.0" encoding="UTF-8"?>
<testsuite xmlns:xsi="http://www.w3.org/2001/XMLSchema-instance" xsi:noNamespaceSchemaLocation="https://maven.apache.org/surefire/maven-surefire-plugin/xsd/surefire-test-report-3.0.xsd" version="3.0" name="com.example.locadora.VulnerabilityTests$WeakAccessControlTests" time="0.09" tests="2" errors="0" skipped="0" failures="2">
  <properties>
[...]
</properties>
  <testcase name="shouldAllowAnyUserToDeleteGame" classname="com.example.locadora.VulnerabilityTests$WeakAccessControlTests" time="0.025">
    <failure message="Status expected:&lt;204&gt; but was:&lt;400&gt;" type="java.lang.AssertionError"><![CDATA[java.lang.AssertionError: Status expected:<204> but was:<400>
	at org.springframework.test.util.AssertionErrors.fail(AssertionErrors.java:59)
	at org.springframework.test.util.AssertionErrors.assertEquals(AssertionErrors.java:122)
	at org.springframework.test.web.servlet.result.StatusResultMatchers.lambda$matcher$9(StatusResultMatchers.java:637)
	at org.springframework.test.web.servlet.MockMvc$1.andExpect(MockMvc.java:214)
	at com.example.locadora.VulnerabilityTests$WeakAccessControlTests.shouldAllowAnyUserToDeleteGame(VulnerabilityTests.java:254)
	at java.base/java.lang.reflect.Method.invoke(Method.java:580)
	at java.base/java.util.ArrayList.forEach(ArrayList.java:1596)
	at java.base/java.util.ArrayList.forEach(ArrayList.java:1596)
	at java.base/java.util.ArrayList.forEach(ArrayList.java:1596)
]]></failure>
    <system-out><![CDATA[2026-06-22T18:18:11.147-03:00  INFO 6840 --- [           main] t.c.s.AnnotationConfigContextLoaderUtils : Could not detect default configuration classes for test class [com.example.locadora.VulnerabilityTests$WeakAccessControlTests]: WeakAccessControlTests does not declare any static, non-private, non-final, nested classes annotated with @Configuration.
2026-06-22T18:18:11.153-03:00  INFO 6840 --- [           main] .b.t.c.SpringBootTestContextBootstrapper : Found @SpringBootConfiguration com.example.locadora.LocadoraApplication for test class com.example.locadora.VulnerabilityTests$WeakAccessControlTests

MockHttpServletRequest:
      HTTP Method = POST
      Request URI = /jogos
       Parameters = {}
          Headers = [Content-Type:"application/json;charset=UTF-8", Content-Length:"122"]
             Body = {
    "titulo": "The Legend of Zelda",
    "genero": "Aventura",
    "precoDiaria": 12.50,
    "descricao": "Clássico"
}

    Session Attrs = {}

Handler:
             Type = com.example.locadora.controller.JogoController
           Method = com.example.locadora.controller.JogoController#criar(JogoRequest)

Async:
    Async started = false
     Async result = null

Resolved Exception:
             Type = null

ModelAndView:
        View name = null
             View = null
            Model = null

FlashMap:
       Attributes = null

MockHttpServletResponse:
           Status = 201
    Error message = null
          Headers = [Vary:"Origin", "Access-Control-Request-Method", "Access-Control-Request-Headers", Content-Type:"application/json", X-Content-Type-Options:"nosniff", X-XSS-Protection:"0", Cache-Control:"no-cache, no-store, max-age=0, must-revalidate", Pragma:"no-cache", Expires:"0", X-Frame-Options:"DENY"]
     Content type = application/json
             Body = {"id":4,"titulo":"The Legend of Zelda","genero":"Aventura","precoDiaria":12.50,"disponivel":true,"descricao":"Clássico"}
    Forwarded URL = null
   Redirected URL = null
          Cookies = []

MockHttpServletRequest:
      HTTP Method = DELETE
      Request URI = /jogos/1
       Parameters = {}
          Headers = [Authorization:"Bearer any-token"]
             Body = null
    Session Attrs = {}

Handler:
             Type = com.example.locadora.controller.JogoController
           Method = com.example.locadora.controller.JogoController#remover(Long)

Async:
    Async started = false
     Async result = null

Resolved Exception:
             Type = com.example.locadora.exception.AccessDeniedBusinessException

ModelAndView:
        View name = null
             View = null
            Model = null

FlashMap:
       Attributes = null

MockHttpServletResponse:
           Status = 400
    Error message = null
          Headers = [Vary:"Origin", "Access-Control-Request-Method", "Access-Control-Request-Headers", Content-Type:"application/json", X-Content-Type-Options:"nosniff", X-XSS-Protection:"0", Cache-Control:"no-cache, no-store, max-age=0, must-revalidate", Pragma:"no-cache", Expires:"0", X-Frame-Options:"DENY"]
     Content type = application/json
             Body = {"error":"Somente administradores podem remover jogos","timestamp":"2026-06-22T21:18:11.177599900Z","status":400}
    Forwarded URL = null
   Redirected URL = null
          Cookies = []
]]></system-out>
  </testcase>
  <testcase name="shouldAllowUnauthenticatedUserToDeleteGameInInsecureMode" classname="com.example.locadora.VulnerabilityTests$WeakAccessControlTests" time="0.041">
    <failure message="Status expected:&lt;204&gt; but was:&lt;400&gt;" type="java.lang.AssertionError"><![CDATA[java.lang.AssertionError: Status expected:<204> but was:<400>
	at org.springframework.test.util.AssertionErrors.fail(AssertionErrors.java:59)
	at org.springframework.test.util.AssertionErrors.assertEquals(AssertionErrors.java:122)
	at org.springframework.test.web.servlet.result.StatusResultMatchers.lambda$matcher$9(StatusResultMatchers.java:637)
	at org.springframework.test.web.servlet.MockMvc$1.andExpect(MockMvc.java:214)
	at com.example.locadora.VulnerabilityTests$WeakAccessControlTests.shouldAllowUnauthenticatedUserToDeleteGameInInsecureMode(VulnerabilityTests.java:280)
	at java.base/java.lang.reflect.Method.invoke(Method.java:580)
	at java.base/java.util.ArrayList.forEach(ArrayList.java:1596)
	at java.base/java.util.ArrayList.forEach(ArrayList.java:1596)
	at java.base/java.util.ArrayList.forEach(ArrayList.java:1596)
]]></failure>
    <system-out><![CDATA[
MockHttpServletRequest:
      HTTP Method = POST
      Request URI = /jogos
       Parameters = {}
          Headers = [Content-Type:"application/json;charset=UTF-8", Content-Length:"130"]
             Body = {
    "titulo": "Super Mario Bros",
    "genero": "Plataforma",
    "precoDiaria": 10.00,
    "descricao": "Clássico Nintendo"
}

    Session Attrs = {}

Handler:
             Type = com.example.locadora.controller.JogoController
           Method = com.example.locadora.controller.JogoController#criar(JogoRequest)

Async:
    Async started = false
     Async result = null

Resolved Exception:
             Type = null

ModelAndView:
        View name = null
             View = null
            Model = null

FlashMap:
       Attributes = null

MockHttpServletResponse:
           Status = 201
    Error message = null
          Headers = [Vary:"Origin", "Access-Control-Request-Method", "Access-Control-Request-Headers", Content-Type:"application/json", X-Content-Type-Options:"nosniff", X-XSS-Protection:"0", Cache-Control:"no-cache, no-store, max-age=0, must-revalidate", Pragma:"no-cache", Expires:"0", X-Frame-Options:"DENY"]
     Content type = application/json
             Body = {"id":5,"titulo":"Super Mario Bros","genero":"Plataforma","precoDiaria":10.00,"disponivel":true,"descricao":"Clássico Nintendo"}
    Forwarded URL = null
   Redirected URL = null
          Cookies = []

MockHttpServletRequest:
      HTTP Method = DELETE
      Request URI = /jogos/1
       Parameters = {}
          Headers = []
             Body = null
    Session Attrs = {}

Handler:
             Type = com.example.locadora.controller.JogoController
           Method = com.example.locadora.controller.JogoController#remover(Long)

Async:
    Async started = false
     Async result = null

Resolved Exception:
             Type = com.example.locadora.exception.AccessDeniedBusinessException

ModelAndView:
        View name = null
             View = null
            Model = null

FlashMap:
       Attributes = null

MockHttpServletResponse:
           Status = 400
    Error message = null
          Headers = [Vary:"Origin", "Access-Control-Request-Method", "Access-Control-Request-Headers", Content-Type:"application/json", X-Content-Type-Options:"nosniff", X-XSS-Protection:"0", Cache-Control:"no-cache, no-store, max-age=0, must-revalidate", Pragma:"no-cache", Expires:"0", X-Frame-Options:"DENY"]
     Content type = application/json
             Body = {"error":"Somente administradores podem remover jogos","timestamp":"2026-06-22T21:18:11.220602200Z","status":400}
    Forwarded URL = null
   Redirected URL = null
          Cookies = []
]]></system-out>
  </testcase>
</testsuite>